--------------------
q1 > Test #38
Test #38
FAILURE
name:       check-equal?
location:   q1-bb.rkt:623:4
params:     '(world #f () ((doodad 585 63 -13 -13 #f)))
'(world #f () ((doodad 335 133 13 9 #f)))
actual:     '(world #f () ((doodad 585 63 -13 -13 #f)))
expected:   '(world #f () ((doodad 335 133 13 9 #f)))
expression: (check-equal? (world-as-list (world-after-ticks-and-key-events (initial-world 192) (list 25 "q" 50 "q" 30 "." 45 "t" 100 "."))) (list (quote world) false empty (quote ((doodad 335 133 13 9 #f)))))
message:    "world wrong after these events: 25 q 50 q 30 . 45 5 100 ."
Check failure
--------------------
--------------------
q1 > Test #40
Test #40
FAILURE
name:       check-equal?
location:   q1-bb.rkt:645:4
params:     '(world
  #f
  ((doodad 35 12 -10 -12 #f)
   (doodad 89 150 -12 10 #f)
   (doodad 115 108 -10 -12 #f)
   (doodad 175 180 10 12 #f)
   (doodad 209 50 12 -10 #f)
   (doodad 225 240 10 12 #f))
  ((doodad 330 260 -13 -9 #f)
   (doodad 382 428 -13 13 #f)
   (doodad 434 376 -13 13 #f)
   (doodad 460 350 13 -13 #f)
   (doodad 512 298 13 -13 #f)
   (doodad 564 422 13 9 #f)))
'(world
  #f
  ((doodad 17 210 -12 10 #f)
   (doodad 55 36 -10 -12 #f)
   (doodad 113 130 -12 10 #f)
   (doodad 155 156 10 12 #f)
   (doodad 185 70 12 -10 #f)
   (doodad 225 240 10 12 #f))
  ((doodad 330 260 -13 -9 #f)
   (doodad 424 402 -9 13 #f)
   (doodad 434 332 -13 -9 #f)
   (doodad 460 350 9 -13 #f)
   (doodad 532 246 9 -13 #f)
   (doodad 538 404 13 9 #f)))
actual:     '(world
  #f
  ((doodad 35 12 -10 -12 #f)
   (doodad 89 150 -12 10 #f)
   (doodad 115 108 -10 -12 #f)
   (doodad 175 180 10 12 #f)
   (doodad 209 50 12 -10 #f)
   (doodad 225 240 10 12 #f))
  ((doodad 330 260 -13 -9 #f)
   (doodad 382 428 -13 13 #f)
   (doodad 434 376 -13 13 #f)
   (doodad 460 350 13 -13 #f)
   (doodad 512 298 13 -13 #f)
   (doodad 564 422 13 9 #f)))
expected:   '(world
  #f
  ((doodad 17 210 -12 10 #f)
   (doodad 55 36 -10 -12 #f)
   (doodad 113 130 -12 10 #f)
   (doodad 155 156 10 12 #f)
   (doodad 185 70 12 -10 #f)
   (doodad 225 240 10 12 #f))
  ((doodad 330 260 -13 -9 #f)
   (doodad 424 402 -9 13 #f)
   (doodad 434 332 -13 -9 #f)
   (doodad 460 350 9 -13 #f)
   (doodad 532 246 9 -13 #f)
   (doodad 538 404 13 9 #f)))
expression: (check-equal? (world-as-list (world-after-ticks-and-key-events (initial-world 0) (list 1 "t" 1 "q" 1 "t" 1 "q" 1 "t" 1 "q" 1 "t" 1 "q" 1 "t" 1 "q"))) (list (quote world) false (insertion-sort doodad-as-list< (list (list (quote doodad) (+ 125 (* 10 10)) (+ 120 (* 10 12)) 10 12 #f) (list (quote doodad) (+ 125 (* 9 -12)) (+ 120 (* 9 10)) -12 10 #f) (list (quote doodad) (+ 125 (* 7 -10)) (+ 120 (* 7 -12)) -10 -12 #f) (list (quote doodad) (+ 125 (* 5 12)) (+ 120 (* 5 -10)) 12 -10 #f) (list (quote doodad) (+ 125 (* 3 10)) (+ 120 (* 3 12)) 10 12 #f) (list (quote doodad) (+ 125 (* 1 -12)) (+ 120 (* 1 10)) -12 10 #f))) (insertion-sort doodad-as-list< (list (list (quote doodad) (+ 460 (* 10 -13)) (+ 350 (* 10 -9)) -13 -9 #f) (list (quote doodad) (+ 460 (* 8 9)) (+ 350 (* 8 -13)) 9 -13 #f) (list (quote doodad) (+ 460 (* 6 13)) (+ 350 (* 6 9)) 13 9 #f) (list (quote doodad) (+ 460 (* 4 -9)) (+ 350 (* 4 13)) -9 13 #f) (list (quote doodad) (+ 460 (* 2 -13)) (+ 350 (* 2 -9)) -13 -9 #f) (list (quote doodad) (+ 460 (* 0 9)) (+ 350 (* 0 -13)) 9 -13 #f)))))
message:    "new doodads aren't going in the right directions"
Check failure
--------------------
--------------------
q1 > Test #41
Test #41
FAILURE
name:       check-equal?
location:   q1-bb.rkt:708:4
params:     '(#f #f #f #f #f #t #t #f #t #t)
'(#t #t #t #t #t #t #t #t #t #t)
actual:     '(#f #f #f #f #f #t #t #f #t #t)
expected:   '(#t #t #t #t #t #t #t #t #t #t)
expression: (check-equal? (let* ((w (world-after-ticks-and-key-events (initial-world 0) (list 100 "t" 100 "q" 100 "t" 100 "q" 100 "t" 100 "q" 100 "t" 100 "q" 100 "t" 100 "q"))) (stars (world-doodads-star w)) (squares (world-doodads-square w)) (stars (insertion-sort doodad< stars)) (squares (insertion-sort doodad< squares)) (colors1 (map doodad-color stars)) (colors2 (map doodad-color squares)) (c100 (list-ref colors1 0)) (c101 (list-ref colors1 1)) (c102 (list-ref colors1 2)) (c103 (list-ref colors1 3)) (c104 (list-ref colors1 4)) (c105 (list-ref colors1 5)) (c200 (list-ref colors2 0)) (c201 (list-ref colors2 1)) (c202 (list-ref colors2 2)) (c203 (list-ref colors2 3)) (c204 (list-ref colors2 4)) (c205 (list-ref colors2 5))) (list (colors-are-equal? c100 c101) (colors-are-equal? c101 c103) (colors-are-equal? c103 c104) (colors-not-equal? c101 c102) (colors-not-equal? c104 c105) (colors-not-equal? c200 c201) (colors-not-equal? c201 c202) (colors-not-equal? c202 c203) (colors-are-equal? c203 c204) (colors-not-equal? c204 c205))) (quote (#t #t #t #t #t #t #t #t #t #t)))
message:    "new doodads don't change color correctly"
Check failure
--------------------
41 success(es) 3 failure(s) 0 error(s) 44 test(s) run
extras.rkt Wed Sep 14 08:52:19 2016
q1.rkt appears to be in a correctly named folder. Running tests...
Running tests from q1.rkt...
All tests passed (39 tests).
3
