--------------------
q1 > Test #25
Test #25
FAILURE
name:       check-equal?
location:   q1-bb.rkt:326:4
params:     #f
#t
actual:     #f
expected:   #t
expression: (check-equal? (colors-are-equal? (color-after-ticks (initial-world 0) 30 world-doodad-star) (color-after-ticks (initial-world 0) 588 world-doodad-star)) true)
message:    "star should be green after 588 ticks"
Check failure
--------------------
24 success(es) 1 failure(s) 0 error(s) 25 test(s) run
extras.rkt Wed Sep 14 08:52:19 2016
q1.rkt appears to be in a correctly named folder. Running tests...
Running tests from q1.rkt...
All tests passed (24 tests).
1
